<?xml version="1.0" encoding="UTF-8"?>
<testsuite name="br.edu.unifalmg.service.ChoreServiceTest" tests="3" skipped="0" failures="0" errors="0" timestamp="2023-09-26T16:09:03" hostname="suporte-OptiPlex-3050" time="0.026">
  <properties/>
  <testcase name="addChoreWhenDescriptionIsInvalidThrownAnException()" classname="br.edu.unifalmg.service.ChoreServiceTest" time="0.018"/>
  <testcase name="#addChore &gt; When the deadline is invalid &gt; Throw an exception" classname="br.edu.unifalmg.service.ChoreServiceTest" time="0.002"/>
  <testcase name="$addChore &gt; When add a chore &gt; When the chore already exists &gt; Throw a exception" classname="br.edu.unifalmg.service.ChoreServiceTest" time="0.002"/>
  <system-out><![CDATA[]]></system-out>
  <system-err><![CDATA[]]></system-err>
</testsuite>
